{
  "0 debug pnpm:scope": {
    "selected": 1,
    "workspacePrefix": "/Users/yjcjour/Documents/code/vite-webpack-plugin"
  },
  "1 debug pnpm:package-manifest": {
    "initial": {
      "name": "core",
      "version": "1.0.0",
      "description": "",
      "main": "index.js",
      "scripts": {
        "test": "echo \"Error: no test specified\" && exit 1"
      },
      "keywords": [],
      "author": "",
      "license": "ISC"
    },
    "prefix": "/Users/yjcjour/Documents/code/vite-webpack-plugin/packages/core"
  },
  "2 debug pnpm:package-manifest": {
    "initial": {
      "name": "vite-webpack-plugin",
      "version": "1.0.0",
      "description": "",
      "main": "index.js",
      "scripts": {
        "test": "pnpm run test -r"
      },
      "keywords": [],
      "author": "",
      "license": "ISC",
      "devDependencies": {
        "typescript": "^4.6.2",
        "vitest": "^0.6.1"
      }
    },
    "prefix": "/Users/yjcjour/Documents/code/vite-webpack-plugin"
  },
  "3 debug pnpm:context": {
    "currentLockfileExists": true,
    "storeDir": "/Users/yjcjour/.pnpm-store/v3",
    "virtualStoreDir": "/Users/yjcjour/Documents/code/vite-webpack-plugin/node_modules/.pnpm"
  },
  "4 debug pnpm:stage": {
    "prefix": "/Users/yjcjour/Documents/code/vite-webpack-plugin",
    "stage": "resolution_started"
  },
  "5 debug pnpm:_dependency_resolved": {
    "resolution": "registry.npmmirror.com/typescript/4.6.2",
    "wanted": {
      "dependentId": ".",
      "name": "typescript",
      "rawSpec": "^4.6.2"
    }
  },
  "6 debug pnpm:_dependency_resolved": {
    "resolution": "registry.npmmirror.com/vitest/0.6.1",
    "wanted": {
      "dependentId": ".",
      "name": "vitest",
      "rawSpec": "^0.6.1"
    }
  },
  "7 debug pnpm:progress": {
    "packageId": "registry.npmmirror.com/typescript/4.6.2",
    "requester": "/Users/yjcjour/Documents/code/vite-webpack-plugin",
    "status": "found_in_store"
  },
  "8 debug pnpm:progress": {
    "packageId": "registry.npmmirror.com/typescript/4.6.2",
    "requester": "/Users/yjcjour/Documents/code/vite-webpack-plugin",
    "status": "resolved"
  },
  "9 debug pnpm:progress": {
    "packageId": "registry.npmmirror.com/vitest/0.6.1",
    "requester": "/Users/yjcjour/Documents/code/vite-webpack-plugin",
    "status": "found_in_store"
  },
  "10 debug pnpm:progress": {
    "packageId": "registry.npmmirror.com/vitest/0.6.1",
    "requester": "/Users/yjcjour/Documents/code/vite-webpack-plugin",
    "status": "resolved"
  },
  "11 debug pnpm:_dependency_resolved": {
    "resolution": "registry.npmmirror.com/@types/chai/4.3.0",
    "wanted": {
      "dependentId": "/vitest/0.6.1",
      "name": "@types/chai",
      "rawSpec": "^4.3.0"
    }
  },
  "12 debug pnpm:_dependency_resolved": {
    "resolution": "registry.npmmirror.com/@types/chai-subset/1.3.3",
    "wanted": {
      "dependentId": "/vitest/0.6.1",
      "name": "@types/chai-subset",
      "rawSpec": "^1.3.3"
    }
  },
  "13 debug pnpm:_dependency_resolved": {
    "resolution": "registry.npmmirror.com/chai/4.3.6",
    "wanted": {
      "dependentId": "/vitest/0.6.1",
      "name": "chai",
      "rawSpec": "^4.3.6"
    }
  },
  "14 debug pnpm:_dependency_resolved": {
    "resolution": "registry.npmmirror.com/local-pkg/0.4.1",
    "wanted": {
      "dependentId": "/vitest/0.6.1",
      "name": "local-pkg",
      "rawSpec": "^0.4.1"
    }
  },
  "15 debug pnpm:_dependency_resolved": {
    "resolution": "registry.npmmirror.com/tinypool/0.1.2",
    "wanted": {
      "dependentId": "/vitest/0.6.1",
      "name": "tinypool",
      "rawSpec": "^0.1.2"
    }
  },
  "16 debug pnpm:_dependency_resolved": {
    "resolution": "registry.npmmirror.com/tinyspy/0.3.0",
    "wanted": {
      "dependentId": "/vitest/0.6.1",
      "name": "tinyspy",
      "rawSpec": "^0.3.0"
    }
  },
  "17 debug pnpm:_dependency_resolved": {
    "resolution": "registry.npmmirror.com/vite/2.8.6",
    "wanted": {
      "dependentId": "/vitest/0.6.1",
      "name": "vite",
      "rawSpec": "^2.7.10"
    }
  },
  "18 debug pnpm:progress": {
    "packageId": "registry.npmmirror.com/@types/chai-subset/1.3.3",
    "requester": "/Users/yjcjour/Documents/code/vite-webpack-plugin",
    "status": "found_in_store"
  },
  "19 debug pnpm:progress": {
    "packageId": "registry.npmmirror.com/@types/chai-subset/1.3.3",
    "requester": "/Users/yjcjour/Documents/code/vite-webpack-plugin",
    "status": "resolved"
  },
  "20 debug pnpm:progress": {
    "packageId": "registry.npmmirror.com/local-pkg/0.4.1",
    "requester": "/Users/yjcjour/Documents/code/vite-webpack-plugin",
    "status": "found_in_store"
  },
  "21 debug pnpm:progress": {
    "packageId": "registry.npmmirror.com/local-pkg/0.4.1",
    "requester": "/Users/yjcjour/Documents/code/vite-webpack-plugin",
    "status": "resolved"
  },
  "22 debug pnpm:progress": {
    "packageId": "registry.npmmirror.com/chai/4.3.6",
    "requester": "/Users/yjcjour/Documents/code/vite-webpack-plugin",
    "status": "found_in_store"
  },
  "23 debug pnpm:progress": {
    "packageId": "registry.npmmirror.com/chai/4.3.6",
    "requester": "/Users/yjcjour/Documents/code/vite-webpack-plugin",
    "status": "resolved"
  },
  "24 debug pnpm:progress": {
    "packageId": "registry.npmmirror.com/tinypool/0.1.2",
    "requester": "/Users/yjcjour/Documents/code/vite-webpack-plugin",
    "status": "found_in_store"
  },
  "25 debug pnpm:progress": {
    "packageId": "registry.npmmirror.com/tinypool/0.1.2",
    "requester": "/Users/yjcjour/Documents/code/vite-webpack-plugin",
    "status": "resolved"
  },
  "26 debug pnpm:progress": {
    "packageId": "registry.npmmirror.com/vite/2.8.6",
    "requester": "/Users/yjcjour/Documents/code/vite-webpack-plugin",
    "status": "found_in_store"
  },
  "27 debug pnpm:progress": {
    "packageId": "registry.npmmirror.com/vite/2.8.6",
    "requester": "/Users/yjcjour/Documents/code/vite-webpack-plugin",
    "status": "resolved"
  },
  "28 debug pnpm:progress": {
    "packageId": "registry.npmmirror.com/tinyspy/0.3.0",
    "requester": "/Users/yjcjour/Documents/code/vite-webpack-plugin",
    "status": "found_in_store"
  },
  "29 debug pnpm:progress": {
    "packageId": "registry.npmmirror.com/tinyspy/0.3.0",
    "requester": "/Users/yjcjour/Documents/code/vite-webpack-plugin",
    "status": "resolved"
  },
  "30 debug pnpm:progress": {
    "packageId": "registry.npmmirror.com/@types/chai/4.3.0",
    "requester": "/Users/yjcjour/Documents/code/vite-webpack-plugin",
    "status": "found_in_store"
  },
  "31 debug pnpm:progress": {
    "packageId": "registry.npmmirror.com/@types/chai/4.3.0",
    "requester": "/Users/yjcjour/Documents/code/vite-webpack-plugin",
    "status": "resolved"
  },
  "32 debug pnpm:_dependency_resolved": {
    "resolution": "registry.npmmirror.com/esbuild/0.14.26",
    "wanted": {
      "dependentId": "/vite/2.8.6",
      "name": "esbuild",
      "rawSpec": "^0.14.14"
    }
  },
  "33 debug pnpm:_dependency_resolved": {
    "resolution": "registry.npmmirror.com/postcss/8.4.8",
    "wanted": {
      "dependentId": "/vite/2.8.6",
      "name": "postcss",
      "rawSpec": "^8.4.6"
    }
  },
  "34 debug pnpm:_dependency_resolved": {
    "resolution": "registry.npmmirror.com/resolve/1.22.0",
    "wanted": {
      "dependentId": "/vite/2.8.6",
      "name": "resolve",
      "rawSpec": "^1.22.0"
    }
  },
  "35 debug pnpm:_dependency_resolved": {
    "resolution": "registry.npmmirror.com/rollup/2.70.1",
    "wanted": {
      "dependentId": "/vite/2.8.6",
      "name": "rollup",
      "rawSpec": "^2.59.0"
    }
  },
  "36 debug pnpm:progress": {
    "packageId": "registry.npmmirror.com/postcss/8.4.8",
    "requester": "/Users/yjcjour/Documents/code/vite-webpack-plugin",
    "status": "found_in_store"
  },
  "37 debug pnpm:progress": {
    "packageId": "registry.npmmirror.com/postcss/8.4.8",
    "requester": "/Users/yjcjour/Documents/code/vite-webpack-plugin",
    "status": "resolved"
  },
  "38 debug pnpm:progress": {
    "packageId": "registry.npmmirror.com/esbuild/0.14.26",
    "requester": "/Users/yjcjour/Documents/code/vite-webpack-plugin",
    "status": "found_in_store"
  },
  "39 debug pnpm:progress": {
    "packageId": "registry.npmmirror.com/esbuild/0.14.26",
    "requester": "/Users/yjcjour/Documents/code/vite-webpack-plugin",
    "status": "resolved"
  },
  "40 debug pnpm:progress": {
    "packageId": "registry.npmmirror.com/resolve/1.22.0",
    "requester": "/Users/yjcjour/Documents/code/vite-webpack-plugin",
    "status": "found_in_store"
  },
  "41 debug pnpm:progress": {
    "packageId": "registry.npmmirror.com/resolve/1.22.0",
    "requester": "/Users/yjcjour/Documents/code/vite-webpack-plugin",
    "status": "resolved"
  },
  "42 debug pnpm:progress": {
    "packageId": "registry.npmmirror.com/rollup/2.70.1",
    "requester": "/Users/yjcjour/Documents/code/vite-webpack-plugin",
    "status": "found_in_store"
  },
  "43 debug pnpm:progress": {
    "packageId": "registry.npmmirror.com/rollup/2.70.1",
    "requester": "/Users/yjcjour/Documents/code/vite-webpack-plugin",
    "status": "resolved"
  },
  "44 debug pnpm:_dependency_resolved": {
    "resolution": "registry.npmmirror.com/fsevents/2.3.2",
    "wanted": {
      "dependentId": "/vite/2.8.6",
      "name": "fsevents",
      "rawSpec": "~2.3.2"
    }
  },
  "45 debug pnpm:progress": {
    "packageId": "registry.npmmirror.com/fsevents/2.3.2",
    "requester": "/Users/yjcjour/Documents/code/vite-webpack-plugin",
    "status": "resolved"
  },
  "46 warn pnpm:install-check": {
    "message": "Unsupported platform for registry.npmmirror.com/esbuild-android-64/0.14.26: wanted {\"cpu\":[\"x64\"],\"os\":[\"android\"]} (current: {\"os\":\"darwin\",\"cpu\":\"arm64\"})",
    "prefix": "/Users/yjcjour/Documents/code/vite-webpack-plugin"
  },
  "47 debug pnpm:skipped-optional-dependency": {
    "details": "Error: Unsupported platform for registry.npmmirror.com/esbuild-android-64/0.14.26: wanted {\"cpu\":[\"x64\"],\"os\":[\"android\"]} (current: {\"os\":\"darwin\",\"cpu\":\"arm64\"})",
    "package": {
      "id": "registry.npmmirror.com/esbuild-android-64/0.14.26",
      "name": "esbuild-android-64",
      "version": "0.14.26"
    },
    "prefix": "/Users/yjcjour/Documents/code/vite-webpack-plugin",
    "reason": "unsupported_platform"
  },
  "48 debug pnpm:_dependency_resolved": {
    "resolution": "registry.npmmirror.com/esbuild-android-64/0.14.26",
    "wanted": {
      "dependentId": "/esbuild/0.14.26",
      "name": "esbuild-android-64",
      "rawSpec": "0.14.26"
    }
  },
  "49 debug pnpm:progress": {
    "packageId": "registry.npmmirror.com/esbuild-android-64/0.14.26",
    "requester": "/Users/yjcjour/Documents/code/vite-webpack-plugin",
    "status": "resolved"
  },
  "50 warn pnpm:install-check": {
    "message": "Unsupported platform for registry.npmmirror.com/esbuild-freebsd-64/0.14.26: wanted {\"cpu\":[\"x64\"],\"os\":[\"freebsd\"]} (current: {\"os\":\"darwin\",\"cpu\":\"arm64\"})",
    "prefix": "/Users/yjcjour/Documents/code/vite-webpack-plugin"
  },
  "51 debug pnpm:skipped-optional-dependency": {
    "details": "Error: Unsupported platform for registry.npmmirror.com/esbuild-freebsd-64/0.14.26: wanted {\"cpu\":[\"x64\"],\"os\":[\"freebsd\"]} (current: {\"os\":\"darwin\",\"cpu\":\"arm64\"})",
    "package": {
      "id": "registry.npmmirror.com/esbuild-freebsd-64/0.14.26",
      "name": "esbuild-freebsd-64",
      "version": "0.14.26"
    },
    "prefix": "/Users/yjcjour/Documents/code/vite-webpack-plugin",
    "reason": "unsupported_platform"
  },
  "52 debug pnpm:_dependency_resolved": {
    "resolution": "registry.npmmirror.com/esbuild-freebsd-64/0.14.26",
    "wanted": {
      "dependentId": "/esbuild/0.14.26",
      "name": "esbuild-freebsd-64",
      "rawSpec": "0.14.26"
    }
  },
  "53 debug pnpm:progress": {
    "packageId": "registry.npmmirror.com/esbuild-freebsd-64/0.14.26",
    "requester": "/Users/yjcjour/Documents/code/vite-webpack-plugin",
    "status": "resolved"
  },
  "54 warn pnpm:install-check": {
    "message": "Unsupported platform for registry.npmmirror.com/esbuild-darwin-64/0.14.26: wanted {\"cpu\":[\"x64\"],\"os\":[\"darwin\"]} (current: {\"os\":\"darwin\",\"cpu\":\"arm64\"})",
    "prefix": "/Users/yjcjour/Documents/code/vite-webpack-plugin"
  },
  "55 debug pnpm:skipped-optional-dependency": {
    "details": "Error: Unsupported platform for registry.npmmirror.com/esbuild-darwin-64/0.14.26: wanted {\"cpu\":[\"x64\"],\"os\":[\"darwin\"]} (current: {\"os\":\"darwin\",\"cpu\":\"arm64\"})",
    "package": {
      "id": "registry.npmmirror.com/esbuild-darwin-64/0.14.26",
      "name": "esbuild-darwin-64",
      "version": "0.14.26"
    },
    "prefix": "/Users/yjcjour/Documents/code/vite-webpack-plugin",
    "reason": "unsupported_platform"
  },
  "56 debug pnpm:_dependency_resolved": {
    "resolution": "registry.npmmirror.com/esbuild-darwin-64/0.14.26",
    "wanted": {
      "dependentId": "/esbuild/0.14.26",
      "name": "esbuild-darwin-64",
      "rawSpec": "0.14.26"
    }
  },
  "57 debug pnpm:progress": {
    "packageId": "registry.npmmirror.com/esbuild-darwin-64/0.14.26",
    "requester": "/Users/yjcjour/Documents/code/vite-webpack-plugin",
    "status": "resolved"
  },
  "58 warn pnpm:install-check": {
    "message": "Unsupported platform for registry.npmmirror.com/esbuild-linux-32/0.14.26: wanted {\"cpu\":[\"ia32\"],\"os\":[\"linux\"]} (current: {\"os\":\"darwin\",\"cpu\":\"arm64\"})",
    "prefix": "/Users/yjcjour/Documents/code/vite-webpack-plugin"
  },
  "59 debug pnpm:skipped-optional-dependency": {
    "details": "Error: Unsupported platform for registry.npmmirror.com/esbuild-linux-32/0.14.26: wanted {\"cpu\":[\"ia32\"],\"os\":[\"linux\"]} (current: {\"os\":\"darwin\",\"cpu\":\"arm64\"})",
    "package": {
      "id": "registry.npmmirror.com/esbuild-linux-32/0.14.26",
      "name": "esbuild-linux-32",
      "version": "0.14.26"
    },
    "prefix": "/Users/yjcjour/Documents/code/vite-webpack-plugin",
    "reason": "unsupported_platform"
  },
  "60 debug pnpm:_dependency_resolved": {
    "resolution": "registry.npmmirror.com/esbuild-linux-32/0.14.26",
    "wanted": {
      "dependentId": "/esbuild/0.14.26",
      "name": "esbuild-linux-32",
      "rawSpec": "0.14.26"
    }
  },
  "61 debug pnpm:progress": {
    "packageId": "registry.npmmirror.com/esbuild-linux-32/0.14.26",
    "requester": "/Users/yjcjour/Documents/code/vite-webpack-plugin",
    "status": "resolved"
  },
  "62 warn pnpm:install-check": {
    "message": "Unsupported platform for registry.npmmirror.com/esbuild-freebsd-arm64/0.14.26: wanted {\"cpu\":[\"arm64\"],\"os\":[\"freebsd\"]} (current: {\"os\":\"darwin\",\"cpu\":\"arm64\"})",
    "prefix": "/Users/yjcjour/Documents/code/vite-webpack-plugin"
  },
  "63 debug pnpm:skipped-optional-dependency": {
    "details": "Error: Unsupported platform for registry.npmmirror.com/esbuild-freebsd-arm64/0.14.26: wanted {\"cpu\":[\"arm64\"],\"os\":[\"freebsd\"]} (current: {\"os\":\"darwin\",\"cpu\":\"arm64\"})",
    "package": {
      "id": "registry.npmmirror.com/esbuild-freebsd-arm64/0.14.26",
      "name": "esbuild-freebsd-arm64",
      "version": "0.14.26"
    },
    "prefix": "/Users/yjcjour/Documents/code/vite-webpack-plugin",
    "reason": "unsupported_platform"
  },
  "64 debug pnpm:_dependency_resolved": {
    "resolution": "registry.npmmirror.com/esbuild-freebsd-arm64/0.14.26",
    "wanted": {
      "dependentId": "/esbuild/0.14.26",
      "name": "esbuild-freebsd-arm64",
      "rawSpec": "0.14.26"
    }
  },
  "65 debug pnpm:progress": {
    "packageId": "registry.npmmirror.com/esbuild-freebsd-arm64/0.14.26",
    "requester": "/Users/yjcjour/Documents/code/vite-webpack-plugin",
    "status": "resolved"
  },
  "66 warn pnpm:install-check": {
    "message": "Unsupported platform for registry.npmmirror.com/esbuild-linux-arm/0.14.26: wanted {\"cpu\":[\"arm\"],\"os\":[\"linux\"]} (current: {\"os\":\"darwin\",\"cpu\":\"arm64\"})",
    "prefix": "/Users/yjcjour/Documents/code/vite-webpack-plugin"
  },
  "67 debug pnpm:skipped-optional-dependency": {
    "details": "Error: Unsupported platform for registry.npmmirror.com/esbuild-linux-arm/0.14.26: wanted {\"cpu\":[\"arm\"],\"os\":[\"linux\"]} (current: {\"os\":\"darwin\",\"cpu\":\"arm64\"})",
    "package": {
      "id": "registry.npmmirror.com/esbuild-linux-arm/0.14.26",
      "name": "esbuild-linux-arm",
      "version": "0.14.26"
    },
    "prefix": "/Users/yjcjour/Documents/code/vite-webpack-plugin",
    "reason": "unsupported_platform"
  },
  "68 debug pnpm:_dependency_resolved": {
    "resolution": "registry.npmmirror.com/esbuild-linux-arm/0.14.26",
    "wanted": {
      "dependentId": "/esbuild/0.14.26",
      "name": "esbuild-linux-arm",
      "rawSpec": "0.14.26"
    }
  },
  "69 debug pnpm:progress": {
    "packageId": "registry.npmmirror.com/esbuild-linux-arm/0.14.26",
    "requester": "/Users/yjcjour/Documents/code/vite-webpack-plugin",
    "status": "resolved"
  },
  "70 warn pnpm:install-check": {
    "message": "Unsupported platform for registry.npmmirror.com/esbuild-linux-arm64/0.14.26: wanted {\"cpu\":[\"arm64\"],\"os\":[\"linux\"]} (current: {\"os\":\"darwin\",\"cpu\":\"arm64\"})",
    "prefix": "/Users/yjcjour/Documents/code/vite-webpack-plugin"
  },
  "71 debug pnpm:skipped-optional-dependency": {
    "details": "Error: Unsupported platform for registry.npmmirror.com/esbuild-linux-arm64/0.14.26: wanted {\"cpu\":[\"arm64\"],\"os\":[\"linux\"]} (current: {\"os\":\"darwin\",\"cpu\":\"arm64\"})",
    "package": {
      "id": "registry.npmmirror.com/esbuild-linux-arm64/0.14.26",
      "name": "esbuild-linux-arm64",
      "version": "0.14.26"
    },
    "prefix": "/Users/yjcjour/Documents/code/vite-webpack-plugin",
    "reason": "unsupported_platform"
  },
  "72 debug pnpm:_dependency_resolved": {
    "resolution": "registry.npmmirror.com/esbuild-linux-arm64/0.14.26",
    "wanted": {
      "dependentId": "/esbuild/0.14.26",
      "name": "esbuild-linux-arm64",
      "rawSpec": "0.14.26"
    }
  },
  "73 debug pnpm:progress": {
    "packageId": "registry.npmmirror.com/esbuild-linux-arm64/0.14.26",
    "requester": "/Users/yjcjour/Documents/code/vite-webpack-plugin",
    "status": "resolved"
  },
  "74 warn pnpm:install-check": {
    "message": "Unsupported platform for registry.npmmirror.com/esbuild-linux-64/0.14.26: wanted {\"cpu\":[\"x64\"],\"os\":[\"linux\"]} (current: {\"os\":\"darwin\",\"cpu\":\"arm64\"})",
    "prefix": "/Users/yjcjour/Documents/code/vite-webpack-plugin"
  },
  "75 debug pnpm:skipped-optional-dependency": {
    "details": "Error: Unsupported platform for registry.npmmirror.com/esbuild-linux-64/0.14.26: wanted {\"cpu\":[\"x64\"],\"os\":[\"linux\"]} (current: {\"os\":\"darwin\",\"cpu\":\"arm64\"})",
    "package": {
      "id": "registry.npmmirror.com/esbuild-linux-64/0.14.26",
      "name": "esbuild-linux-64",
      "version": "0.14.26"
    },
    "prefix": "/Users/yjcjour/Documents/code/vite-webpack-plugin",
    "reason": "unsupported_platform"
  },
  "76 debug pnpm:_dependency_resolved": {
    "resolution": "registry.npmmirror.com/esbuild-linux-64/0.14.26",
    "wanted": {
      "dependentId": "/esbuild/0.14.26",
      "name": "esbuild-linux-64",
      "rawSpec": "0.14.26"
    }
  },
  "77 debug pnpm:progress": {
    "packageId": "registry.npmmirror.com/esbuild-linux-64/0.14.26",
    "requester": "/Users/yjcjour/Documents/code/vite-webpack-plugin",
    "status": "resolved"
  },
  "78 warn pnpm:install-check": {
    "message": "Unsupported platform for registry.npmmirror.com/esbuild-linux-riscv64/0.14.26: wanted {\"cpu\":[\"riscv64\"],\"os\":[\"linux\"]} (current: {\"os\":\"darwin\",\"cpu\":\"arm64\"})",
    "prefix": "/Users/yjcjour/Documents/code/vite-webpack-plugin"
  },
  "79 debug pnpm:skipped-optional-dependency": {
    "details": "Error: Unsupported platform for registry.npmmirror.com/esbuild-linux-riscv64/0.14.26: wanted {\"cpu\":[\"riscv64\"],\"os\":[\"linux\"]} (current: {\"os\":\"darwin\",\"cpu\":\"arm64\"})",
    "package": {
      "id": "registry.npmmirror.com/esbuild-linux-riscv64/0.14.26",
      "name": "esbuild-linux-riscv64",
      "version": "0.14.26"
    },
    "prefix": "/Users/yjcjour/Documents/code/vite-webpack-plugin",
    "reason": "unsupported_platform"
  },
  "80 debug pnpm:_dependency_resolved": {
    "resolution": "registry.npmmirror.com/esbuild-linux-riscv64/0.14.26",
    "wanted": {
      "dependentId": "/esbuild/0.14.26",
      "name": "esbuild-linux-riscv64",
      "rawSpec": "0.14.26"
    }
  },
  "81 debug pnpm:progress": {
    "packageId": "registry.npmmirror.com/esbuild-linux-riscv64/0.14.26",
    "requester": "/Users/yjcjour/Documents/code/vite-webpack-plugin",
    "status": "resolved"
  },
  "82 warn pnpm:install-check": {
    "message": "Unsupported platform for registry.npmmirror.com/esbuild-linux-s390x/0.14.26: wanted {\"cpu\":[\"s390x\"],\"os\":[\"linux\"]} (current: {\"os\":\"darwin\",\"cpu\":\"arm64\"})",
    "prefix": "/Users/yjcjour/Documents/code/vite-webpack-plugin"
  },
  "83 debug pnpm:skipped-optional-dependency": {
    "details": "Error: Unsupported platform for registry.npmmirror.com/esbuild-linux-s390x/0.14.26: wanted {\"cpu\":[\"s390x\"],\"os\":[\"linux\"]} (current: {\"os\":\"darwin\",\"cpu\":\"arm64\"})",
    "package": {
      "id": "registry.npmmirror.com/esbuild-linux-s390x/0.14.26",
      "name": "esbuild-linux-s390x",
      "version": "0.14.26"
    },
    "prefix": "/Users/yjcjour/Documents/code/vite-webpack-plugin",
    "reason": "unsupported_platform"
  },
  "84 debug pnpm:_dependency_resolved": {
    "resolution": "registry.npmmirror.com/esbuild-linux-s390x/0.14.26",
    "wanted": {
      "dependentId": "/esbuild/0.14.26",
      "name": "esbuild-linux-s390x",
      "rawSpec": "0.14.26"
    }
  },
  "85 debug pnpm:progress": {
    "packageId": "registry.npmmirror.com/esbuild-linux-s390x/0.14.26",
    "requester": "/Users/yjcjour/Documents/code/vite-webpack-plugin",
    "status": "resolved"
  },
  "86 warn pnpm:install-check": {
    "message": "Unsupported platform for registry.npmmirror.com/esbuild-linux-mips64le/0.14.26: wanted {\"cpu\":[\"mips64el\"],\"os\":[\"linux\"]} (current: {\"os\":\"darwin\",\"cpu\":\"arm64\"})",
    "prefix": "/Users/yjcjour/Documents/code/vite-webpack-plugin"
  },
  "87 debug pnpm:skipped-optional-dependency": {
    "details": "Error: Unsupported platform for registry.npmmirror.com/esbuild-linux-mips64le/0.14.26: wanted {\"cpu\":[\"mips64el\"],\"os\":[\"linux\"]} (current: {\"os\":\"darwin\",\"cpu\":\"arm64\"})",
    "package": {
      "id": "registry.npmmirror.com/esbuild-linux-mips64le/0.14.26",
      "name": "esbuild-linux-mips64le",
      "version": "0.14.26"
    },
    "prefix": "/Users/yjcjour/Documents/code/vite-webpack-plugin",
    "reason": "unsupported_platform"
  },
  "88 debug pnpm:_dependency_resolved": {
    "resolution": "registry.npmmirror.com/esbuild-linux-mips64le/0.14.26",
    "wanted": {
      "dependentId": "/esbuild/0.14.26",
      "name": "esbuild-linux-mips64le",
      "rawSpec": "0.14.26"
    }
  },
  "89 debug pnpm:progress": {
    "packageId": "registry.npmmirror.com/esbuild-linux-mips64le/0.14.26",
    "requester": "/Users/yjcjour/Documents/code/vite-webpack-plugin",
    "status": "resolved"
  },
  "90 warn pnpm:install-check": {
    "message": "Unsupported platform for registry.npmmirror.com/esbuild-netbsd-64/0.14.26: wanted {\"cpu\":[\"x64\"],\"os\":[\"netbsd\"]} (current: {\"os\":\"darwin\",\"cpu\":\"arm64\"})",
    "prefix": "/Users/yjcjour/Documents/code/vite-webpack-plugin"
  },
  "91 debug pnpm:skipped-optional-dependency": {
    "details": "Error: Unsupported platform for registry.npmmirror.com/esbuild-netbsd-64/0.14.26: wanted {\"cpu\":[\"x64\"],\"os\":[\"netbsd\"]} (current: {\"os\":\"darwin\",\"cpu\":\"arm64\"})",
    "package": {
      "id": "registry.npmmirror.com/esbuild-netbsd-64/0.14.26",
      "name": "esbuild-netbsd-64",
      "version": "0.14.26"
    },
    "prefix": "/Users/yjcjour/Documents/code/vite-webpack-plugin",
    "reason": "unsupported_platform"
  },
  "92 debug pnpm:_dependency_resolved": {
    "resolution": "registry.npmmirror.com/esbuild-netbsd-64/0.14.26",
    "wanted": {
      "dependentId": "/esbuild/0.14.26",
      "name": "esbuild-netbsd-64",
      "rawSpec": "0.14.26"
    }
  },
  "93 debug pnpm:progress": {
    "packageId": "registry.npmmirror.com/esbuild-netbsd-64/0.14.26",
    "requester": "/Users/yjcjour/Documents/code/vite-webpack-plugin",
    "status": "resolved"
  },
  "94 warn pnpm:install-check": {
    "message": "Unsupported platform for registry.npmmirror.com/esbuild-sunos-64/0.14.26: wanted {\"cpu\":[\"x64\"],\"os\":[\"sunos\"]} (current: {\"os\":\"darwin\",\"cpu\":\"arm64\"})",
    "prefix": "/Users/yjcjour/Documents/code/vite-webpack-plugin"
  },
  "95 debug pnpm:skipped-optional-dependency": {
    "details": "Error: Unsupported platform for registry.npmmirror.com/esbuild-sunos-64/0.14.26: wanted {\"cpu\":[\"x64\"],\"os\":[\"sunos\"]} (current: {\"os\":\"darwin\",\"cpu\":\"arm64\"})",
    "package": {
      "id": "registry.npmmirror.com/esbuild-sunos-64/0.14.26",
      "name": "esbuild-sunos-64",
      "version": "0.14.26"
    },
    "prefix": "/Users/yjcjour/Documents/code/vite-webpack-plugin",
    "reason": "unsupported_platform"
  },
  "96 debug pnpm:_dependency_resolved": {
    "resolution": "registry.npmmirror.com/esbuild-sunos-64/0.14.26",
    "wanted": {
      "dependentId": "/esbuild/0.14.26",
      "name": "esbuild-sunos-64",
      "rawSpec": "0.14.26"
    }
  },
  "97 debug pnpm:progress": {
    "packageId": "registry.npmmirror.com/esbuild-sunos-64/0.14.26",
    "requester": "/Users/yjcjour/Documents/code/vite-webpack-plugin",
    "status": "resolved"
  },
  "98 warn pnpm:install-check": {
    "message": "Unsupported platform for registry.npmmirror.com/esbuild-linux-ppc64le/0.14.26: wanted {\"cpu\":[\"ppc64\"],\"os\":[\"linux\"]} (current: {\"os\":\"darwin\",\"cpu\":\"arm64\"})",
    "prefix": "/Users/yjcjour/Documents/code/vite-webpack-plugin"
  },
  "99 debug pnpm:skipped-optional-dependency": {
    "details": "Error: Unsupported platform for registry.npmmirror.com/esbuild-linux-ppc64le/0.14.26: wanted {\"cpu\":[\"ppc64\"],\"os\":[\"linux\"]} (current: {\"os\":\"darwin\",\"cpu\":\"arm64\"})",
    "package": {
      "id": "registry.npmmirror.com/esbuild-linux-ppc64le/0.14.26",
      "name": "esbuild-linux-ppc64le",
      "version": "0.14.26"
    },
    "prefix": "/Users/yjcjour/Documents/code/vite-webpack-plugin",
    "reason": "unsupported_platform"
  },
  "100 debug pnpm:_dependency_resolved": {
    "resolution": "registry.npmmirror.com/esbuild-linux-ppc64le/0.14.26",
    "wanted": {
      "dependentId": "/esbuild/0.14.26",
      "name": "esbuild-linux-ppc64le",
      "rawSpec": "0.14.26"
    }
  },
  "101 debug pnpm:progress": {
    "packageId": "registry.npmmirror.com/esbuild-linux-ppc64le/0.14.26",
    "requester": "/Users/yjcjour/Documents/code/vite-webpack-plugin",
    "status": "resolved"
  },
  "102 warn pnpm:install-check": {
    "message": "Unsupported platform for registry.npmmirror.com/esbuild-android-arm64/0.14.26: wanted {\"cpu\":[\"arm64\"],\"os\":[\"android\"]} (current: {\"os\":\"darwin\",\"cpu\":\"arm64\"})",
    "prefix": "/Users/yjcjour/Documents/code/vite-webpack-plugin"
  },
  "103 debug pnpm:skipped-optional-dependency": {
    "details": "Error: Unsupported platform for registry.npmmirror.com/esbuild-android-arm64/0.14.26: wanted {\"cpu\":[\"arm64\"],\"os\":[\"android\"]} (current: {\"os\":\"darwin\",\"cpu\":\"arm64\"})",
    "package": {
      "id": "registry.npmmirror.com/esbuild-android-arm64/0.14.26",
      "name": "esbuild-android-arm64",
      "version": "0.14.26"
    },
    "prefix": "/Users/yjcjour/Documents/code/vite-webpack-plugin",
    "reason": "unsupported_platform"
  },
  "104 debug pnpm:_dependency_resolved": {
    "resolution": "registry.npmmirror.com/esbuild-android-arm64/0.14.26",
    "wanted": {
      "dependentId": "/esbuild/0.14.26",
      "name": "esbuild-android-arm64",
      "rawSpec": "0.14.26"
    }
  },
  "105 debug pnpm:progress": {
    "packageId": "registry.npmmirror.com/esbuild-android-arm64/0.14.26",
    "requester": "/Users/yjcjour/Documents/code/vite-webpack-plugin",
    "status": "resolved"
  },
  "106 warn pnpm:install-check": {
    "message": "Unsupported platform for registry.npmmirror.com/esbuild-openbsd-64/0.14.26: wanted {\"cpu\":[\"x64\"],\"os\":[\"openbsd\"]} (current: {\"os\":\"darwin\",\"cpu\":\"arm64\"})",
    "prefix": "/Users/yjcjour/Documents/code/vite-webpack-plugin"
  },
  "107 debug pnpm:skipped-optional-dependency": {
    "details": "Error: Unsupported platform for registry.npmmirror.com/esbuild-openbsd-64/0.14.26: wanted {\"cpu\":[\"x64\"],\"os\":[\"openbsd\"]} (current: {\"os\":\"darwin\",\"cpu\":\"arm64\"})",
    "package": {
      "id": "registry.npmmirror.com/esbuild-openbsd-64/0.14.26",
      "name": "esbuild-openbsd-64",
      "version": "0.14.26"
    },
    "prefix": "/Users/yjcjour/Documents/code/vite-webpack-plugin",
    "reason": "unsupported_platform"
  },
  "108 debug pnpm:_dependency_resolved": {
    "resolution": "registry.npmmirror.com/esbuild-openbsd-64/0.14.26",
    "wanted": {
      "dependentId": "/esbuild/0.14.26",
      "name": "esbuild-openbsd-64",
      "rawSpec": "0.14.26"
    }
  },
  "109 debug pnpm:progress": {
    "packageId": "registry.npmmirror.com/esbuild-openbsd-64/0.14.26",
    "requester": "/Users/yjcjour/Documents/code/vite-webpack-plugin",
    "status": "resolved"
  },
  "110 warn pnpm:install-check": {
    "message": "Unsupported platform for registry.npmmirror.com/esbuild-windows-arm64/0.14.26: wanted {\"cpu\":[\"arm64\"],\"os\":[\"win32\"]} (current: {\"os\":\"darwin\",\"cpu\":\"arm64\"})",
    "prefix": "/Users/yjcjour/Documents/code/vite-webpack-plugin"
  },
  "111 debug pnpm:skipped-optional-dependency": {
    "details": "Error: Unsupported platform for registry.npmmirror.com/esbuild-windows-arm64/0.14.26: wanted {\"cpu\":[\"arm64\"],\"os\":[\"win32\"]} (current: {\"os\":\"darwin\",\"cpu\":\"arm64\"})",
    "package": {
      "id": "registry.npmmirror.com/esbuild-windows-arm64/0.14.26",
      "name": "esbuild-windows-arm64",
      "version": "0.14.26"
    },
    "prefix": "/Users/yjcjour/Documents/code/vite-webpack-plugin",
    "reason": "unsupported_platform"
  },
  "112 debug pnpm:_dependency_resolved": {
    "resolution": "registry.npmmirror.com/esbuild-windows-arm64/0.14.26",
    "wanted": {
      "dependentId": "/esbuild/0.14.26",
      "name": "esbuild-windows-arm64",
      "rawSpec": "0.14.26"
    }
  },
  "113 debug pnpm:progress": {
    "packageId": "registry.npmmirror.com/esbuild-windows-arm64/0.14.26",
    "requester": "/Users/yjcjour/Documents/code/vite-webpack-plugin",
    "status": "resolved"
  },
  "114 warn pnpm:install-check": {
    "message": "Unsupported platform for registry.npmmirror.com/esbuild-windows-32/0.14.26: wanted {\"cpu\":[\"ia32\"],\"os\":[\"win32\"]} (current: {\"os\":\"darwin\",\"cpu\":\"arm64\"})",
    "prefix": "/Users/yjcjour/Documents/code/vite-webpack-plugin"
  },
  "115 debug pnpm:skipped-optional-dependency": {
    "details": "Error: Unsupported platform for registry.npmmirror.com/esbuild-windows-32/0.14.26: wanted {\"cpu\":[\"ia32\"],\"os\":[\"win32\"]} (current: {\"os\":\"darwin\",\"cpu\":\"arm64\"})",
    "package": {
      "id": "registry.npmmirror.com/esbuild-windows-32/0.14.26",
      "name": "esbuild-windows-32",
      "version": "0.14.26"
    },
    "prefix": "/Users/yjcjour/Documents/code/vite-webpack-plugin",
    "reason": "unsupported_platform"
  },
  "116 debug pnpm:_dependency_resolved": {
    "resolution": "registry.npmmirror.com/esbuild-windows-32/0.14.26",
    "wanted": {
      "dependentId": "/esbuild/0.14.26",
      "name": "esbuild-windows-32",
      "rawSpec": "0.14.26"
    }
  },
  "117 debug pnpm:progress": {
    "packageId": "registry.npmmirror.com/esbuild-windows-32/0.14.26",
    "requester": "/Users/yjcjour/Documents/code/vite-webpack-plugin",
    "status": "resolved"
  },
  "118 debug pnpm:progress": {
    "packageId": "registry.npmmirror.com/fsevents/2.3.2",
    "requester": "/Users/yjcjour/Documents/code/vite-webpack-plugin",
    "status": "found_in_store"
  },
  "119 warn pnpm:install-check": {
    "message": "Unsupported platform for registry.npmmirror.com/esbuild-windows-64/0.14.26: wanted {\"cpu\":[\"x64\"],\"os\":[\"win32\"]} (current: {\"os\":\"darwin\",\"cpu\":\"arm64\"})",
    "prefix": "/Users/yjcjour/Documents/code/vite-webpack-plugin"
  },
  "120 debug pnpm:skipped-optional-dependency": {
    "details": "Error: Unsupported platform for registry.npmmirror.com/esbuild-windows-64/0.14.26: wanted {\"cpu\":[\"x64\"],\"os\":[\"win32\"]} (current: {\"os\":\"darwin\",\"cpu\":\"arm64\"})",
    "package": {
      "id": "registry.npmmirror.com/esbuild-windows-64/0.14.26",
      "name": "esbuild-windows-64",
      "version": "0.14.26"
    },
    "prefix": "/Users/yjcjour/Documents/code/vite-webpack-plugin",
    "reason": "unsupported_platform"
  },
  "121 debug pnpm:_dependency_resolved": {
    "resolution": "registry.npmmirror.com/esbuild-windows-64/0.14.26",
    "wanted": {
      "dependentId": "/esbuild/0.14.26",
      "name": "esbuild-windows-64",
      "rawSpec": "0.14.26"
    }
  },
  "122 debug pnpm:progress": {
    "packageId": "registry.npmmirror.com/esbuild-windows-64/0.14.26",
    "requester": "/Users/yjcjour/Documents/code/vite-webpack-plugin",
    "status": "resolved"
  },
  "123 debug pnpm:_dependency_resolved": {
    "resolution": "registry.npmmirror.com/magic-string/0.26.1",
    "wanted": {
      "dependentId": "packages/core",
      "name": "magic-string",
      "rawSpec": "latest"
    }
  },
  "124 debug pnpm:progress": {
    "packageId": "registry.npmmirror.com/magic-string/0.26.1",
    "requester": "/Users/yjcjour/Documents/code/vite-webpack-plugin",
    "status": "resolved"
  },
  "125 debug pnpm:_dependency_resolved": {
    "resolution": "registry.npmmirror.com/sourcemap-codec/1.4.8",
    "wanted": {
      "dependentId": "/magic-string/0.26.1",
      "name": "sourcemap-codec",
      "rawSpec": "^1.4.8"
    }
  },
  "126 debug pnpm:progress": {
    "packageId": "registry.npmmirror.com/sourcemap-codec/1.4.8",
    "requester": "/Users/yjcjour/Documents/code/vite-webpack-plugin",
    "status": "resolved"
  },
  "127 debug pnpm:package-manifest": {
    "prefix": "/Users/yjcjour/Documents/code/vite-webpack-plugin/packages/core",
    "updated": {
      "name": "core",
      "version": "1.0.0",
      "description": "",
      "main": "index.js",
      "scripts": {
        "test": "echo \"Error: no test specified\" && exit 1"
      },
      "keywords": [],
      "author": "",
      "license": "ISC",
      "dependencies": {
        "magic-string": "^0.26.1"
      }
    }
  },
  "128 debug pnpm:package-manifest": {
    "prefix": "/Users/yjcjour/Documents/code/vite-webpack-plugin",
    "updated": {
      "name": "vite-webpack-plugin",
      "version": "1.0.0",
      "description": "",
      "main": "index.js",
      "scripts": {
        "test": "pnpm run test -r"
      },
      "keywords": [],
      "author": "",
      "license": "ISC",
      "devDependencies": {
        "typescript": "^4.6.2",
        "vitest": "^0.6.1"
      }
    }
  },
  "129 debug pnpm:stage": {
    "prefix": "/Users/yjcjour/Documents/code/vite-webpack-plugin",
    "stage": "resolution_done"
  },
  "130 debug pnpm:stats": {
    "prefix": "/Users/yjcjour/Documents/code/vite-webpack-plugin",
    "removed": 0
  },
  "131 debug pnpm:stage": {
    "prefix": "/Users/yjcjour/Documents/code/vite-webpack-plugin",
    "stage": "importing_started"
  },
  "132 debug pnpm:stats": {
    "added": 2,
    "prefix": "/Users/yjcjour/Documents/code/vite-webpack-plugin"
  },
  "133 error pnpm": {
    "errno": -13,
    "code": "EACCES",
    "syscall": "mkdir",
    "path": "/Users/yjcjour/Documents/code/vite-webpack-plugin/node_modules/.pnpm/magic-string@0.26.1",
    "err": {
      "name": "pnpm",
      "message": "EACCES: permission denied, mkdir '/Users/yjcjour/Documents/code/vite-webpack-plugin/node_modules/.pnpm/magic-string@0.26.1'",
      "code": "EACCES",
      "stack": "pnpm: EACCES: permission denied, mkdir '/Users/yjcjour/Documents/code/vite-webpack-plugin/node_modules/.pnpm/magic-string@0.26.1'"
    }
  }
}